# JRE version: Java(TM) SE Runtime Environment (23.0.2+7) (build 23.0.2+7-58)
# Java VM: Java HotSpot(TM) 64-Bit Server VM (23.0.2+7-58, mixed mode, sharing, tiered, compressed oops, compressed class ptrs, g1 gc, windows-amd64)
GC Precious Log:
 CardTable entry size: 512
 Card Set container configuration: InlinePtr #cards 5 size 8 Array Of Cards #cards 10 size 36 Howl #buckets 4 coarsen threshold 1843 Howl Bitmap #cards 512 size 80 coarsen threshold 460 Card regions per heap region 1 cards per card region 2048
 CPUs: 12 total, 12 available
 Memory: 5996M
 Large Page Support: Disabled
 NUMA Support: Disabled
 Compressed Oops: Enabled (32-bit)
 Heap Region Size: 1M
 Heap Min Capacity: 8M
 Heap Initial Capacity: 94M
 Heap Max Capacity: 1500M
 Pre-touch: Disabled
 Parallel Workers: 10
 Concurrent Workers: 3
 Concurrent Refinement Workers: 10
 Periodic GC: Disabled
Heap:
 garbage-first heap   total reserved 1536000K, committed 96256K, used 15677K [0x00000000a2400000, 0x0000000100000000)
  region size 1024K, 3 young (3072K), 1 survivors (1024K)
 Metaspace       used 8456K, committed 8704K, reserved 1114112K
  class space    used 903K, committed 1024K, reserved 1048576K
GC Heap History (12 events):
Event: 5.043 GC heap before
{Heap before GC invocations=0 (full 0):
 garbage-first heap   total reserved 1536000K, committed 96256K, used 33792K [0x00000000a2400000, 0x0000000100000000)
  region size 1024K, 24 young (24576K), 0 survivors (0K)
 Metaspace       used 7889K, committed 8128K, reserved 1114112K
  class space    used 901K, committed 1024K, reserved 1048576K
}
Event: 5.054 GC heap after
{Heap after GC invocations=1 (full 0):
 garbage-first heap   total reserved 1536000K, committed 96256K, used 13322K [0x00000000a2400000, 0x0000000100000000)
  region size 1024K, 3 young (3072K), 3 survivors (3072K)
 Metaspace       used 7889K, committed 8128K, reserved 1114112K
  class space    used 901K, committed 1024K, reserved 1048576K
}
Event: 13.190 GC heap before
{Heap before GC invocations=1 (full 0):
 garbage-first heap   total reserved 1536000K, committed 96256K, used 37898K [0x00000000a2400000, 0x0000000100000000)
  region size 1024K, 27 young (27648K), 3 survivors (3072K)
 Metaspace       used 8243K, committed 8512K, reserved 1114112K
  class space    used 902K, committed 1024K, reserved 1048576K
}
Event: 13.197 GC heap after
{Heap after GC invocations=2 (full 0):
 garbage-first heap   total reserved 1536000K, committed 96256K, used 14153K [0x00000000a2400000, 0x0000000100000000)
  region size 1024K, 1 young (1024K), 1 survivors (1024K)
 Metaspace       used 8243K, committed 8512K, reserved 1114112K
  class space    used 902K, committed 1024K, reserved 1048576K
}
Event: 25.998 GC heap before
{Heap before GC invocations=2 (full 0):
 garbage-first heap   total reserved 1536000K, committed 96256K, used 58185K [0x00000000a2400000, 0x0000000100000000)
  region size 1024K, 44 young (45056K), 1 survivors (1024K)
 Metaspace       used 8414K, committed 8640K, reserved 1114112K
  class space    used 902K, committed 1024K, reserved 1048576K
}
Event: 26.001 GC heap after
{Heap after GC invocations=3 (full 0):
 garbage-first heap   total reserved 1536000K, committed 96256K, used 14101K [0x00000000a2400000, 0x0000000100000000)
  region size 1024K, 1 young (1024K), 1 survivors (1024K)
 Metaspace       used 8414K, committed 8640K, reserved 1114112K
  class space    used 902K, committed 1024K, reserved 1048576K
}
Event: 48.533 GC heap before
{Heap before GC invocations=3 (full 0):
 garbage-first heap   total reserved 1536000K, committed 96256K, used 59157K [0x00000000a2400000, 0x0000000100000000)
  region size 1024K, 45 young (46080K), 1 survivors (1024K)
 Metaspace       used 8444K, committed 8704K, reserved 1114112K
  class space    used 902K, committed 1024K, reserved 1048576K
}
Event: 48.889 GC heap after
{Heap after GC invocations=4 (full 0):
 garbage-first heap   total reserved 1536000K, committed 96256K, used 14573K [0x00000000a2400000, 0x0000000100000000)
  region size 1024K, 1 young (1024K), 1 survivors (1024K)
 Metaspace       used 8444K, committed 8704K, reserved 1114112K
  class space    used 902K, committed 1024K, reserved 1048576K
}
Event: 51.194 GC heap before
{Heap before GC invocations=4 (full 0):
 garbage-first heap   total reserved 1536000K, committed 96256K, used 22765K [0x00000000a2400000, 0x0000000100000000)
  region size 1024K, 9 young (9216K), 1 survivors (1024K)
 Metaspace       used 8444K, committed 8704K, reserved 1114112K
  class space    used 902K, committed 1024K, reserved 1048576K
}
Event: 51.197 GC heap after
{Heap after GC invocations=5 (full 0):
 garbage-first heap   total reserved 1536000K, committed 96256K, used 14100K [0x00000000a2400000, 0x0000000100000000)
  region size 1024K, 1 young (1024K), 1 survivors (1024K)
 Metaspace       used 8444K, committed 8704K, reserved 1114112K
  class space    used 902K, committed 1024K, reserved 1048576K
}
Event: 75.482 GC heap before
{Heap before GC invocations=5 (full 0):
 garbage-first heap   total reserved 1536000K, committed 96256K, used 68372K [0x00000000a2400000, 0x0000000100000000)
  region size 1024K, 54 young (55296K), 1 survivors (1024K)
 Metaspace       used 8456K, committed 8704K, reserved 1114112K
  class space    used 903K, committed 1024K, reserved 1048576K
}
Event: 75.499 GC heap after
{Heap after GC invocations=6 (full 0):
 garbage-first heap   total reserved 1536000K, committed 96256K, used 14653K [0x00000000a2400000, 0x0000000100000000)
  region size 1024K, 1 young (1024K), 1 survivors (1024K)
 Metaspace       used 8456K, committed 8704K, reserved 1114112K
  class space    used 903K, committed 1024K, reserved 1048576K
}

